{"/Users/gariela/Documents/Code/Vitruve-entrevista/my-pokedex-app/api/src/domain/entities/Pokemon.ts": {"path":"/Users/gariela/Documents/Code/Vitruve-entrevista/my-pokedex-app/api/src/domain/entities/Pokemon.ts","statementMap":{"0":{"start":{"line":10,"column":4},"end":{"line":10,"column":17}},"1":{"start":{"line":11,"column":4},"end":{"line":11,"column":21}},"2":{"start":{"line":12,"column":4},"end":{"line":12,"column":25}},"3":{"start":{"line":13,"column":4},"end":{"line":13,"column":31}},"4":{"start":{"line":14,"column":4},"end":{"line":14,"column":31}},"5":{"start":{"line":15,"column":4},"end":{"line":15,"column":null}},"6":{"start":{"line":1,"column":0},"end":{"line":1,"column":13}}},"fnMap":{"0":{"name":"(anonymous_0)","decl":{"start":{"line":9,"column":2},"end":{"line":9,"column":14}},"loc":{"start":{"line":9,"column":113},"end":{"line":16,"column":3}}}},"branchMap":{},"s":{"0":0,"1":0,"2":0,"3":0,"4":0,"5":0,"6":1},"f":{"0":0},"b":{}}
,"/Users/gariela/Documents/Code/Vitruve-entrevista/my-pokedex-app/api/src/infrastructure/db/index.ts": {"path":"/Users/gariela/Documents/Code/Vitruve-entrevista/my-pokedex-app/api/src/infrastructure/db/index.ts","statementMap":{"0":{"start":{"line":1,"column":0},"end":{"line":1,"column":27}},"1":{"start":{"line":3,"column":0},"end":{"line":3,"column":28}},"2":{"start":{"line":5,"column":0},"end":{"line":5,"column":16}},"3":{"start":{"line":7,"column":13},"end":{"line":7,"column":32}},"4":{"start":{"line":8,"column":17},"end":{"line":8,"column":40}},"5":{"start":{"line":9,"column":17},"end":{"line":9,"column":42}},"6":{"start":{"line":10,"column":13},"end":{"line":10,"column":47}},"7":{"start":{"line":12,"column":0},"end":{"line":17,"column":null}}},"fnMap":{},"branchMap":{"0":{"loc":{"start":{"line":10,"column":13},"end":{"line":10,"column":47}},"type":"binary-expr","locations":[{"start":{"line":10,"column":13},"end":{"line":10,"column":32}},{"start":{"line":10,"column":36},"end":{"line":10,"column":47}}]}},"s":{"0":1,"1":1,"2":1,"3":1,"4":1,"5":1,"6":1,"7":1},"f":{},"b":{"0":[1,1]}}
,"/Users/gariela/Documents/Code/Vitruve-entrevista/my-pokedex-app/api/src/infrastructure/repositories/PokemonRepositoryMySql.ts": {"path":"/Users/gariela/Documents/Code/Vitruve-entrevista/my-pokedex-app/api/src/infrastructure/repositories/PokemonRepositoryMySql.ts","statementMap":{"0":{"start":{"line":3,"column":0},"end":{"line":3,"column":52}},"1":{"start":{"line":5,"column":0},"end":{"line":5,"column":31}},"2":{"start":{"line":10,"column":24},"end":{"line":10,"column":null}},"3":{"start":{"line":14,"column":36},"end":{"line":25,"column":null}},"4":{"start":{"line":15,"column":6},"end":{"line":25,"column":8}},"5":{"start":{"line":16,"column":8},"end":{"line":24,"column":10}},"6":{"start":{"line":20,"column":32},"end":{"line":20,"column":null}},"7":{"start":{"line":21,"column":12},"end":{"line":22,"column":34}},"8":{"start":{"line":21,"column":21},"end":{"line":21,"column":40}},"9":{"start":{"line":22,"column":17},"end":{"line":22,"column":34}},"10":{"start":{"line":28,"column":34},"end":{"line":40,"column":7}},"11":{"start":{"line":29,"column":4},"end":{"line":40,"column":6}},"12":{"start":{"line":30,"column":6},"end":{"line":39,"column":8}},"13":{"start":{"line":34,"column":30},"end":{"line":34,"column":null}},"14":{"start":{"line":35,"column":30},"end":{"line":35,"column":null}},"15":{"start":{"line":36,"column":10},"end":{"line":37,"column":33}},"16":{"start":{"line":36,"column":19},"end":{"line":36,"column":39}},"17":{"start":{"line":37,"column":15},"end":{"line":37,"column":33}},"18":{"start":{"line":41,"column":2},"end":{"line":41,"column":null}},"19":{"start":{"line":45,"column":28},"end":{"line":50,"column":6}},"20":{"start":{"line":46,"column":6},"end":{"line":49,"column":9}},"21":{"start":{"line":47,"column":8},"end":{"line":48,"column":29}},"22":{"start":{"line":47,"column":17},"end":{"line":47,"column":35}},"23":{"start":{"line":48,"column":13},"end":{"line":48,"column":29}},"24":{"start":{"line":52,"column":28},"end":{"line":57,"column":6}},"25":{"start":{"line":53,"column":6},"end":{"line":56,"column":9}},"26":{"start":{"line":54,"column":8},"end":{"line":55,"column":29}},"27":{"start":{"line":54,"column":17},"end":{"line":54,"column":35}},"28":{"start":{"line":55,"column":13},"end":{"line":55,"column":29}},"29":{"start":{"line":58,"column":2},"end":{"line":58,"column":null}},"30":{"start":{"line":62,"column":4},"end":{"line":62,"column":25}},"31":{"start":{"line":64,"column":24},"end":{"line":64,"column":null}},"32":{"start":{"line":65,"column":4},"end":{"line":83,"column":7}},"33":{"start":{"line":66,"column":26},"end":{"line":66,"column":null}},"34":{"start":{"line":67,"column":6},"end":{"line":82,"column":8}},"35":{"start":{"line":70,"column":27},"end":{"line":81,"column":null}},"36":{"start":{"line":71,"column":30},"end":{"line":71,"column":null}},"37":{"start":{"line":72,"column":10},"end":{"line":75,"column":11}},"38":{"start":{"line":73,"column":32},"end":{"line":73,"column":null}},"39":{"start":{"line":74,"column":12},"end":{"line":74,"column":31}},"40":{"start":{"line":76,"column":28},"end":{"line":76,"column":40}},"41":{"start":{"line":77,"column":28},"end":{"line":77,"column":51}},"42":{"start":{"line":78,"column":28},"end":{"line":78,"column":51}},"43":{"start":{"line":79,"column":10},"end":{"line":79,"column":null}},"44":{"start":{"line":80,"column":10},"end":{"line":80,"column":null}},"45":{"start":{"line":88,"column":24},"end":{"line":88,"column":117}},"46":{"start":{"line":89,"column":4},"end":{"line":90,"column":null}},"47":{"start":{"line":90,"column":6},"end":{"line":90,"column":null}},"48":{"start":{"line":91,"column":24},"end":{"line":91,"column":null}},"49":{"start":{"line":92,"column":4},"end":{"line":98,"column":7}},"50":{"start":{"line":93,"column":6},"end":{"line":97,"column":9}},"51":{"start":{"line":94,"column":28},"end":{"line":94,"column":null}},"52":{"start":{"line":95,"column":8},"end":{"line":96,"column":39}},"53":{"start":{"line":95,"column":17},"end":{"line":95,"column":29}},"54":{"start":{"line":96,"column":13},"end":{"line":96,"column":39}},"55":{"start":{"line":102,"column":4},"end":{"line":144,"column":7}},"56":{"start":{"line":103,"column":6},"end":{"line":143,"column":8}},"57":{"start":{"line":107,"column":10},"end":{"line":141,"column":11}},"58":{"start":{"line":108,"column":12},"end":{"line":108,"column":24}},"59":{"start":{"line":109,"column":17},"end":{"line":141,"column":11}},"60":{"start":{"line":110,"column":12},"end":{"line":110,"column":55}},"61":{"start":{"line":112,"column":45},"end":{"line":112,"column":55}},"62":{"start":{"line":113,"column":35},"end":{"line":122,"column":14}},"63":{"start":{"line":114,"column":14},"end":{"line":121,"column":16}},"64":{"start":{"line":118,"column":18},"end":{"line":119,"column":94}},"65":{"start":{"line":118,"column":27},"end":{"line":118,"column":48}},"66":{"start":{"line":119,"column":23},"end":{"line":119,"column":94}},"67":{"start":{"line":119,"column":75},"end":{"line":119,"column":91}},"68":{"start":{"line":124,"column":35},"end":{"line":133,"column":14}},"69":{"start":{"line":125,"column":14},"end":{"line":132,"column":16}},"70":{"start":{"line":129,"column":18},"end":{"line":130,"column":91}},"71":{"start":{"line":129,"column":27},"end":{"line":129,"column":48}},"72":{"start":{"line":130,"column":23},"end":{"line":130,"column":91}},"73":{"start":{"line":130,"column":75},"end":{"line":130,"column":88}},"74":{"start":{"line":135,"column":12},"end":{"line":140,"column":29}},"75":{"start":{"line":137,"column":32},"end":{"line":137,"column":137}},"76":{"start":{"line":138,"column":16},"end":{"line":138,"column":33}},"77":{"start":{"line":148,"column":4},"end":{"line":158,"column":7}},"78":{"start":{"line":149,"column":26},"end":{"line":149,"column":null}},"79":{"start":{"line":150,"column":6},"end":{"line":157,"column":8}},"80":{"start":{"line":154,"column":10},"end":{"line":154,"column":null}},"81":{"start":{"line":154,"column":18},"end":{"line":154,"column":null}},"82":{"start":{"line":155,"column":10},"end":{"line":155,"column":null}},"83":{"start":{"line":163,"column":4},"end":{"line":195,"column":7}},"84":{"start":{"line":164,"column":6},"end":{"line":194,"column":8}},"85":{"start":{"line":167,"column":27},"end":{"line":193,"column":null}},"86":{"start":{"line":168,"column":10},"end":{"line":191,"column":11}},"87":{"start":{"line":169,"column":32},"end":{"line":169,"column":null}},"88":{"start":{"line":170,"column":12},"end":{"line":187,"column":13}},"89":{"start":{"line":171,"column":34},"end":{"line":171,"column":null}},"90":{"start":{"line":172,"column":14},"end":{"line":172,"column":26}},"91":{"start":{"line":174,"column":14},"end":{"line":174,"column":null}},"92":{"start":{"line":175,"column":32},"end":{"line":175,"column":55}},"93":{"start":{"line":176,"column":32},"end":{"line":176,"column":55}},"94":{"start":{"line":177,"column":14},"end":{"line":177,"column":null}},"95":{"start":{"line":178,"column":14},"end":{"line":186,"column":17}},"96":{"start":{"line":180,"column":36},"end":{"line":180,"column":null}},"97":{"start":{"line":181,"column":16},"end":{"line":181,"column":null}},"98":{"start":{"line":184,"column":36},"end":{"line":184,"column":null}},"99":{"start":{"line":185,"column":16},"end":{"line":185,"column":null}},"100":{"start":{"line":189,"column":32},"end":{"line":189,"column":null}},"101":{"start":{"line":190,"column":12},"end":{"line":190,"column":null}},"102":{"start":{"line":199,"column":4},"end":{"line":210,"column":7}},"103":{"start":{"line":199,"column":49},"end":{"line":210,"column":6}},"104":{"start":{"line":200,"column":6},"end":{"line":200,"column":null}},"105":{"start":{"line":201,"column":6},"end":{"line":209,"column":9}},"106":{"start":{"line":202,"column":8},"end":{"line":208,"column":9}},"107":{"start":{"line":203,"column":10},"end":{"line":203,"column":22}},"108":{"start":{"line":204,"column":15},"end":{"line":208,"column":9}},"109":{"start":{"line":205,"column":10},"end":{"line":205,"column":53}},"110":{"start":{"line":207,"column":10},"end":{"line":207,"column":20}},"111":{"start":{"line":215,"column":0},"end":{"line":215,"column":38}},"112":{"start":{"line":222,"column":85},"end":{"line":222,"column":40225}},"113":{"start":{"line":222,"column":89},"end":{"line":222,"column":40214}},"114":{"start":{"line":222,"column":40340},"end":{"line":222,"column":40346}},"115":{"start":{"line":222,"column":40461},"end":{"line":222,"column":40467}},"116":{"start":{"line":222,"column":40582},"end":{"line":222,"column":40588}},"117":{"start":{"line":222,"column":40707},"end":{"line":222,"column":40713}},"118":{"start":{"line":222,"column":40857},"end":{"line":222,"column":40863}}},"fnMap":{"0":{"name":"(anonymous_8)","decl":{"start":{"line":9,"column":2},"end":{"line":9,"column":null}},"loc":{"start":{"line":9,"column":2},"end":{"line":11,"column":3}}},"1":{"name":"(anonymous_9)","decl":{"start":{"line":13,"column":10},"end":{"line":13,"column":37}},"loc":{"start":{"line":13,"column":90},"end":{"line":42,"column":3}}},"2":{"name":"(anonymous_10)","decl":{"start":{"line":14,"column":50},"end":{"line":14,"column":51}},"loc":{"start":{"line":15,"column":6},"end":{"line":25,"column":8}}},"3":{"name":"(anonymous_11)","decl":{"start":{"line":15,"column":24},"end":{"line":15,"column":25}},"loc":{"start":{"line":15,"column":58},"end":{"line":25,"column":7}}},"4":{"name":"(anonymous_12)","decl":{"start":{"line":19,"column":10},"end":{"line":19,"column":11}},"loc":{"start":{"line":19,"column":22},"end":{"line":23,"column":11}}},"5":{"name":"(anonymous_13)","decl":{"start":{"line":28,"column":48},"end":{"line":28,"column":49}},"loc":{"start":{"line":29,"column":4},"end":{"line":40,"column":6}}},"6":{"name":"(anonymous_14)","decl":{"start":{"line":29,"column":22},"end":{"line":29,"column":23}},"loc":{"start":{"line":29,"column":58},"end":{"line":40,"column":5}}},"7":{"name":"(anonymous_15)","decl":{"start":{"line":33,"column":8},"end":{"line":33,"column":9}},"loc":{"start":{"line":33,"column":20},"end":{"line":38,"column":9}}},"8":{"name":"(anonymous_16)","decl":{"start":{"line":44,"column":10},"end":{"line":44,"column":37}},"loc":{"start":{"line":44,"column":47},"end":{"line":59,"column":3}}},"9":{"name":"(anonymous_17)","decl":{"start":{"line":45,"column":46},"end":{"line":45,"column":47}},"loc":{"start":{"line":45,"column":78},"end":{"line":50,"column":5}}},"10":{"name":"(anonymous_18)","decl":{"start":{"line":46,"column":75},"end":{"line":46,"column":76}},"loc":{"start":{"line":46,"column":83},"end":{"line":49,"column":7}}},"11":{"name":"(anonymous_19)","decl":{"start":{"line":52,"column":46},"end":{"line":52,"column":47}},"loc":{"start":{"line":52,"column":78},"end":{"line":57,"column":5}}},"12":{"name":"(anonymous_20)","decl":{"start":{"line":53,"column":71},"end":{"line":53,"column":72}},"loc":{"start":{"line":53,"column":79},"end":{"line":56,"column":7}}},"13":{"name":"(anonymous_21)","decl":{"start":{"line":61,"column":2},"end":{"line":61,"column":6}},"loc":{"start":{"line":61,"column":38},"end":{"line":85,"column":3}}},"14":{"name":"(anonymous_22)","decl":{"start":{"line":65,"column":23},"end":{"line":65,"column":24}},"loc":{"start":{"line":65,"column":43},"end":{"line":83,"column":5}}},"15":{"name":"(anonymous_23)","decl":{"start":{"line":70,"column":8},"end":{"line":70,"column":15}},"loc":{"start":{"line":70,"column":27},"end":{"line":81,"column":null}}},"16":{"name":"(anonymous_24)","decl":{"start":{"line":70,"column":27},"end":{"line":70,"column":null}},"loc":{"start":{"line":70,"column":27},"end":{"line":81,"column":9}}},"17":{"name":"(anonymous_25)","decl":{"start":{"line":87,"column":2},"end":{"line":87,"column":13}},"loc":{"start":{"line":87,"column":62},"end":{"line":99,"column":3}}},"18":{"name":"(anonymous_26)","decl":{"start":{"line":92,"column":23},"end":{"line":92,"column":24}},"loc":{"start":{"line":92,"column":43},"end":{"line":98,"column":5}}},"19":{"name":"(anonymous_27)","decl":{"start":{"line":93,"column":47},"end":{"line":93,"column":48}},"loc":{"start":{"line":93,"column":60},"end":{"line":97,"column":7}}},"20":{"name":"(anonymous_28)","decl":{"start":{"line":101,"column":2},"end":{"line":101,"column":14}},"loc":{"start":{"line":101,"column":32},"end":{"line":145,"column":3}}},"21":{"name":"(anonymous_29)","decl":{"start":{"line":102,"column":23},"end":{"line":102,"column":24}},"loc":{"start":{"line":102,"column":43},"end":{"line":144,"column":5}}},"22":{"name":"(anonymous_30)","decl":{"start":{"line":106,"column":8},"end":{"line":106,"column":9}},"loc":{"start":{"line":106,"column":25},"end":{"line":142,"column":9}}},"23":{"name":"(anonymous_31)","decl":{"start":{"line":113,"column":57},"end":{"line":113,"column":58}},"loc":{"start":{"line":113,"column":95},"end":{"line":122,"column":13}}},"24":{"name":"(anonymous_32)","decl":{"start":{"line":117,"column":16},"end":{"line":117,"column":17}},"loc":{"start":{"line":117,"column":42},"end":{"line":120,"column":17}}},"25":{"name":"(anonymous_33)","decl":{"start":{"line":119,"column":61},"end":{"line":119,"column":62}},"loc":{"start":{"line":119,"column":75},"end":{"line":119,"column":91}}},"26":{"name":"(anonymous_34)","decl":{"start":{"line":124,"column":57},"end":{"line":124,"column":58}},"loc":{"start":{"line":124,"column":95},"end":{"line":133,"column":13}}},"27":{"name":"(anonymous_35)","decl":{"start":{"line":128,"column":16},"end":{"line":128,"column":17}},"loc":{"start":{"line":128,"column":42},"end":{"line":131,"column":17}}},"28":{"name":"(anonymous_36)","decl":{"start":{"line":130,"column":61},"end":{"line":130,"column":62}},"loc":{"start":{"line":130,"column":75},"end":{"line":130,"column":88}}},"29":{"name":"(anonymous_37)","decl":{"start":{"line":136,"column":20},"end":{"line":136,"column":21}},"loc":{"start":{"line":136,"column":47},"end":{"line":139,"column":15}}},"30":{"name":"(anonymous_38)","decl":{"start":{"line":147,"column":2},"end":{"line":147,"column":16}},"loc":{"start":{"line":147,"column":50},"end":{"line":159,"column":3}}},"31":{"name":"(anonymous_39)","decl":{"start":{"line":148,"column":23},"end":{"line":148,"column":24}},"loc":{"start":{"line":148,"column":43},"end":{"line":158,"column":5}}},"32":{"name":"(anonymous_40)","decl":{"start":{"line":153,"column":9},"end":{"line":153,"column":10}},"loc":{"start":{"line":153,"column":22},"end":{"line":156,"column":9}}},"33":{"name":"(anonymous_41)","decl":{"start":{"line":162,"column":2},"end":{"line":162,"column":8}},"loc":{"start":{"line":162,"column":25},"end":{"line":196,"column":3}}},"34":{"name":"(anonymous_42)","decl":{"start":{"line":163,"column":23},"end":{"line":163,"column":24}},"loc":{"start":{"line":163,"column":43},"end":{"line":195,"column":5}}},"35":{"name":"(anonymous_43)","decl":{"start":{"line":167,"column":8},"end":{"line":167,"column":15}},"loc":{"start":{"line":167,"column":27},"end":{"line":193,"column":null}}},"36":{"name":"(anonymous_44)","decl":{"start":{"line":167,"column":27},"end":{"line":167,"column":null}},"loc":{"start":{"line":167,"column":27},"end":{"line":193,"column":9}}},"37":{"name":"(anonymous_45)","decl":{"start":{"line":179,"column":20},"end":{"line":179,"column":21}},"loc":{"start":{"line":179,"column":39},"end":{"line":182,"column":15}}},"38":{"name":"(anonymous_46)","decl":{"start":{"line":183,"column":21},"end":{"line":183,"column":22}},"loc":{"start":{"line":183,"column":28},"end":{"line":186,"column":15}}},"39":{"name":"(anonymous_47)","decl":{"start":{"line":198,"column":2},"end":{"line":198,"column":8}},"loc":{"start":{"line":198,"column":26},"end":{"line":211,"column":3}}},"40":{"name":"(anonymous_48)","decl":{"start":{"line":199,"column":23},"end":{"line":199,"column":30}},"loc":{"start":{"line":199,"column":49},"end":{"line":210,"column":6}}},"41":{"name":"(anonymous_49)","decl":{"start":{"line":199,"column":49},"end":{"line":199,"column":null}},"loc":{"start":{"line":199,"column":49},"end":{"line":210,"column":5}}},"42":{"name":"(anonymous_50)","decl":{"start":{"line":201,"column":90},"end":{"line":201,"column":91}},"loc":{"start":{"line":201,"column":103},"end":{"line":209,"column":7}}},"43":{"name":"oo_cm","decl":{"start":{"line":222,"column":77},"end":{"line":222,"column":82}},"loc":{"start":{"line":222,"column":82},"end":{"line":222,"column":40226}}}},"branchMap":{"0":{"loc":{"start":{"line":21,"column":12},"end":{"line":22,"column":34}},"type":"if","locations":[{"start":{"line":21,"column":12},"end":{"line":22,"column":34}},{"start":{"line":22,"column":17},"end":{"line":22,"column":34}}]},"1":{"loc":{"start":{"line":36,"column":10},"end":{"line":37,"column":33}},"type":"if","locations":[{"start":{"line":36,"column":10},"end":{"line":37,"column":33}},{"start":{"line":37,"column":15},"end":{"line":37,"column":33}}]},"2":{"loc":{"start":{"line":47,"column":8},"end":{"line":48,"column":29}},"type":"if","locations":[{"start":{"line":47,"column":8},"end":{"line":48,"column":29}},{"start":{"line":48,"column":13},"end":{"line":48,"column":29}}]},"3":{"loc":{"start":{"line":54,"column":8},"end":{"line":55,"column":29}},"type":"if","locations":[{"start":{"line":54,"column":8},"end":{"line":55,"column":29}},{"start":{"line":55,"column":13},"end":{"line":55,"column":29}}]},"4":{"loc":{"start":{"line":72,"column":10},"end":{"line":75,"column":11}},"type":"if","locations":[{"start":{"line":72,"column":10},"end":{"line":75,"column":11}}]},"5":{"loc":{"start":{"line":77,"column":28},"end":{"line":77,"column":51}},"type":"binary-expr","locations":[{"start":{"line":77,"column":28},"end":{"line":77,"column":45}},{"start":{"line":77,"column":49},"end":{"line":77,"column":51}}]},"6":{"loc":{"start":{"line":78,"column":28},"end":{"line":78,"column":51}},"type":"binary-expr","locations":[{"start":{"line":78,"column":28},"end":{"line":78,"column":45}},{"start":{"line":78,"column":49},"end":{"line":78,"column":51}}]},"7":{"loc":{"start":{"line":89,"column":4},"end":{"line":90,"column":null}},"type":"if","locations":[{"start":{"line":89,"column":4},"end":{"line":90,"column":null}}]},"8":{"loc":{"start":{"line":89,"column":8},"end":{"line":89,"column":26}},"type":"cond-expr","locations":[{"start":{"line":89,"column":20},"end":{"line":89,"column":22}},{"start":{"line":89,"column":8},"end":{"line":89,"column":26}}]},"9":{"loc":{"start":{"line":89,"column":8},"end":{"line":89,"column":22}},"type":"binary-expr","locations":[{"start":{"line":89,"column":8},"end":{"line":89,"column":22}},{"start":{"line":89,"column":8},"end":{"line":89,"column":22}}]},"10":{"loc":{"start":{"line":95,"column":8},"end":{"line":96,"column":39}},"type":"if","locations":[{"start":{"line":95,"column":8},"end":{"line":96,"column":39}},{"start":{"line":96,"column":13},"end":{"line":96,"column":39}}]},"11":{"loc":{"start":{"line":107,"column":10},"end":{"line":141,"column":11}},"type":"if","locations":[{"start":{"line":107,"column":10},"end":{"line":141,"column":11}},{"start":{"line":109,"column":17},"end":{"line":141,"column":11}}]},"12":{"loc":{"start":{"line":109,"column":17},"end":{"line":141,"column":11}},"type":"if","locations":[{"start":{"line":109,"column":17},"end":{"line":141,"column":11}},{"start":{"line":111,"column":17},"end":{"line":141,"column":11}}]},"13":{"loc":{"start":{"line":118,"column":18},"end":{"line":119,"column":94}},"type":"if","locations":[{"start":{"line":118,"column":18},"end":{"line":119,"column":94}},{"start":{"line":119,"column":23},"end":{"line":119,"column":94}}]},"14":{"loc":{"start":{"line":129,"column":18},"end":{"line":130,"column":91}},"type":"if","locations":[{"start":{"line":129,"column":18},"end":{"line":130,"column":91}},{"start":{"line":130,"column":23},"end":{"line":130,"column":91}}]},"15":{"loc":{"start":{"line":154,"column":10},"end":{"line":154,"column":null}},"type":"if","locations":[{"start":{"line":154,"column":10},"end":{"line":154,"column":null}}]},"16":{"loc":{"start":{"line":170,"column":12},"end":{"line":187,"column":13}},"type":"if","locations":[{"start":{"line":170,"column":12},"end":{"line":187,"column":13}},{"start":{"line":173,"column":19},"end":{"line":187,"column":13}}]},"17":{"loc":{"start":{"line":175,"column":32},"end":{"line":175,"column":55}},"type":"binary-expr","locations":[{"start":{"line":175,"column":32},"end":{"line":175,"column":49}},{"start":{"line":175,"column":53},"end":{"line":175,"column":55}}]},"18":{"loc":{"start":{"line":176,"column":32},"end":{"line":176,"column":55}},"type":"binary-expr","locations":[{"start":{"line":176,"column":32},"end":{"line":176,"column":49}},{"start":{"line":176,"column":53},"end":{"line":176,"column":55}}]},"19":{"loc":{"start":{"line":178,"column":39},"end":{"line":178,"column":51}},"type":"cond-expr","locations":[{"start":{"line":178,"column":46},"end":{"line":178,"column":48}},{"start":{"line":178,"column":39},"end":{"line":178,"column":51}}]},"20":{"loc":{"start":{"line":178,"column":39},"end":{"line":178,"column":48}},"type":"binary-expr","locations":[{"start":{"line":178,"column":39},"end":{"line":178,"column":48}},{"start":{"line":178,"column":39},"end":{"line":178,"column":48}}]},"21":{"loc":{"start":{"line":202,"column":8},"end":{"line":208,"column":9}},"type":"if","locations":[{"start":{"line":202,"column":8},"end":{"line":208,"column":9}},{"start":{"line":204,"column":15},"end":{"line":208,"column":9}}]},"22":{"loc":{"start":{"line":204,"column":15},"end":{"line":208,"column":9}},"type":"if","locations":[{"start":{"line":204,"column":15},"end":{"line":208,"column":9}},{"start":{"line":206,"column":15},"end":{"line":208,"column":9}}]},"23":{"loc":{"start":{"line":222,"column":96},"end":{"line":222,"column":40213}},"type":"binary-expr","locations":[{"start":{"line":222,"column":96},"end":{"line":222,"column":133}},{"start":{"line":222,"column":137},"end":{"line":222,"column":40213}}]}},"s":{"0":1,"1":1,"2":0,"3":0,"4":0,"5":0,"6":0,"7":0,"8":0,"9":0,"10":0,"11":0,"12":0,"13":0,"14":0,"15":0,"16":0,"17":0,"18":0,"19":0,"20":0,"21":0,"22":0,"23":0,"24":0,"25":0,"26":0,"27":0,"28":0,"29":0,"30":0,"31":0,"32":0,"33":0,"34":0,"35":0,"36":0,"37":0,"38":0,"39":0,"40":0,"41":0,"42":0,"43":0,"44":0,"45":0,"46":0,"47":0,"48":0,"49":0,"50":0,"51":0,"52":0,"53":0,"54":0,"55":0,"56":0,"57":0,"58":0,"59":0,"60":0,"61":0,"62":0,"63":0,"64":0,"65":0,"66":0,"67":0,"68":0,"69":0,"70":0,"71":0,"72":0,"73":0,"74":0,"75":0,"76":0,"77":0,"78":0,"79":0,"80":0,"81":0,"82":0,"83":0,"84":0,"85":0,"86":0,"87":0,"88":0,"89":0,"90":0,"91":0,"92":0,"93":0,"94":0,"95":0,"96":0,"97":0,"98":0,"99":0,"100":0,"101":0,"102":0,"103":0,"104":0,"105":0,"106":0,"107":0,"108":0,"109":0,"110":0,"111":1,"112":0,"113":0,"114":1,"115":1,"116":1,"117":1,"118":1},"f":{"0":0,"1":0,"2":0,"3":0,"4":0,"5":0,"6":0,"7":0,"8":0,"9":0,"10":0,"11":0,"12":0,"13":0,"14":0,"15":0,"16":0,"17":0,"18":0,"19":0,"20":0,"21":0,"22":0,"23":0,"24":0,"25":0,"26":0,"27":0,"28":0,"29":0,"30":0,"31":0,"32":0,"33":0,"34":0,"35":0,"36":0,"37":0,"38":0,"39":0,"40":0,"41":0,"42":0,"43":0},"b":{"0":[0,0],"1":[0,0],"2":[0,0],"3":[0,0],"4":[0],"5":[0,0],"6":[0,0],"7":[0],"8":[0,0],"9":[0,0],"10":[0,0],"11":[0,0],"12":[0,0],"13":[0,0],"14":[0,0],"15":[0],"16":[0,0],"17":[0,0],"18":[0,0],"19":[0,0],"20":[0,0],"21":[0,0],"22":[0,0],"23":[0,0]}}
}
